This file contains any messages produced by compilers while
running configure, to aid debugging if configure makes a mistake.

It was created by openocd configure 0.10.0+dev, which was
generated by GNU Autoconf 2.69.  Invocation command line was

  $ ./configure 

## --------- ##
## Platform. ##
## --------- ##

hostname = bitcrazeDemo
uname -m = x86_64
uname -r = 5.3.0-26-generic
uname -s = Linux
uname -v = #28~18.04.1-Ubuntu SMP Wed Dec 18 16:40:14 UTC 2019

/usr/bin/uname -p = unknown
/bin/uname -X     = unknown

/bin/arch              = unknown
/usr/bin/arch -k       = unknown
/usr/convex/getsysinfo = unknown
/usr/bin/hostinfo      = unknown
/bin/machine           = unknown
/usr/bin/oslevel       = unknown
/bin/universe          = unknown

PATH: /home/zhouxin/gap_sdk/install/workstation/bin
PATH: /home/zhouxin/gap_sdk/tools/nntool
PATH: /usr/lib/gap_riscv_toolchain/bin
PATH: /home/zhouxin/gap_sdk/tools/bin
PATH: /home/zhouxin/gap_sdk/tools/nntool
PATH: /usr/lib/gap_riscv_toolchain/bin
PATH: /home/zhouxin/gap_sdk/tools/bin
PATH: /home/zhouxin/gap_sdk/tools/nntool
PATH: /usr/lib/gap_riscv_toolchain/bin
PATH: /home/zhouxin/gap_sdk/tools/bin
PATH: /home/zhouxin/pulp-sdk/pulp-configs/bin
PATH: /home/zhouxin/pulp-sdk/pulp-tools/bin
PATH: /home/zhouxin/pulp-sdk/pkg/sdk/dev/install/ws/bin
PATH: /home/zhouxin/PULP-SDK_Release/pulp-sdk-ubuntu-16/pulp-sdk/install/ws/bin
PATH: /opt/ros/melodic/bin
PATH: /home/zhouxin/.local/bin
PATH: /usr/local/sbin
PATH: /usr/local/bin
PATH: /usr/sbin
PATH: /usr/bin
PATH: /sbin
PATH: /bin
PATH: /usr/games
PATH: /usr/local/games
PATH: /snap/bin


## ----------- ##
## Core tests. ##
## ----------- ##

configure:2597: checking for makeinfo
configure:2613: found /usr/bin/makeinfo
configure:2624: result: makeinfo
configure:2686: checking for a BSD-compatible install
configure:2754: result: /usr/bin/install -c
configure:2765: checking whether build environment is sane
configure:2820: result: yes
configure:2971: checking for a thread-safe mkdir -p
configure:3010: result: /bin/mkdir -p
configure:3017: checking for gawk
configure:3033: found /usr/bin/gawk
configure:3044: result: gawk
configure:3055: checking whether make sets $(MAKE)
configure:3077: result: yes
configure:3106: checking whether make supports nested variables
configure:3123: result: yes
configure:3308: checking for gcc
configure:3324: found /usr/bin/gcc
configure:3335: result: gcc
configure:3564: checking for C compiler version
configure:3573: gcc --version >&5
gcc (Ubuntu 7.4.0-1ubuntu1~18.04.1) 7.4.0
Copyright (C) 2017 Free Software Foundation, Inc.
This is free software; see the source for copying conditions.  There is NO
warranty; not even for MERCHANTABILITY or FITNESS FOR A PARTICULAR PURPOSE.

configure:3584: $? = 0
configure:3573: gcc -v >&5
Using built-in specs.
COLLECT_GCC=gcc
COLLECT_LTO_WRAPPER=/usr/lib/gcc/x86_64-linux-gnu/7/lto-wrapper
OFFLOAD_TARGET_NAMES=nvptx-none
OFFLOAD_TARGET_DEFAULT=1
Target: x86_64-linux-gnu
Configured with: ../src/configure -v --with-pkgversion='Ubuntu 7.4.0-1ubuntu1~18.04.1' --with-bugurl=file:///usr/share/doc/gcc-7/README.Bugs --enable-languages=c,ada,c++,go,brig,d,fortran,objc,obj-c++ --prefix=/usr --with-gcc-major-version-only --program-suffix=-7 --program-prefix=x86_64-linux-gnu- --enable-shared --enable-linker-build-id --libexecdir=/usr/lib --without-included-gettext --enable-threads=posix --libdir=/usr/lib --enable-nls --with-sysroot=/ --enable-clocale=gnu --enable-libstdcxx-debug --enable-libstdcxx-time=yes --with-default-libstdcxx-abi=new --enable-gnu-unique-object --disable-vtable-verify --enable-libmpx --enable-plugin --enable-default-pie --with-system-zlib --with-target-system-zlib --enable-objc-gc=auto --enable-multiarch --disable-werror --with-arch-32=i686 --with-abi=m64 --with-multilib-list=m32,m64,mx32 --enable-multilib --with-tune=generic --enable-offload-targets=nvptx-none --without-cuda-driver --enable-checking=release --build=x86_64-linux-gnu --host=x86_64-linux-gnu --target=x86_64-linux-gnu
Thread model: posix
gcc version 7.4.0 (Ubuntu 7.4.0-1ubuntu1~18.04.1) 
configure:3584: $? = 0
configure:3573: gcc -V >&5
gcc: error: unrecognized command line option '-V'
gcc: fatal error: no input files
compilation terminated.
configure:3584: $? = 1
configure:3573: gcc -qversion >&5
gcc: error: unrecognized command line option '-qversion'; did you mean '--version'?
gcc: fatal error: no input files
compilation terminated.
configure:3584: $? = 1
configure:3604: checking whether the C compiler works
configure:3626: gcc    conftest.c  >&5
configure:3630: $? = 0
configure:3678: result: yes
configure:3681: checking for C compiler default output file name
configure:3683: result: a.out
configure:3689: checking for suffix of executables
configure:3696: gcc -o conftest    conftest.c  >&5
configure:3700: $? = 0
configure:3722: result: 
configure:3744: checking whether we are cross compiling
configure:3752: gcc -o conftest    conftest.c  >&5
configure:3756: $? = 0
configure:3763: ./conftest
configure:3767: $? = 0
configure:3782: result: no
configure:3787: checking for suffix of object files
configure:3809: gcc -c   conftest.c >&5
configure:3813: $? = 0
configure:3834: result: o
configure:3838: checking whether we are using the GNU C compiler
configure:3857: gcc -c   conftest.c >&5
configure:3857: $? = 0
configure:3866: result: yes
configure:3875: checking whether gcc accepts -g
configure:3895: gcc -c -g  conftest.c >&5
configure:3895: $? = 0
configure:3936: result: yes
configure:3953: checking for gcc option to accept ISO C89
configure:4016: gcc  -c -g -O2  conftest.c >&5
configure:4016: $? = 0
configure:4029: result: none needed
configure:4054: checking whether gcc understands -c and -o together
configure:4076: gcc -c conftest.c -o conftest2.o
configure:4079: $? = 0
configure:4076: gcc -c conftest.c -o conftest2.o
configure:4079: $? = 0
configure:4091: result: yes
configure:4119: checking for style of include used by make
configure:4147: result: GNU
configure:4173: checking dependency style of gcc
configure:4284: result: gcc3
configure:4299: checking for gcc option to accept ISO C99
configure:4448: gcc  -c -g -O2  conftest.c >&5
configure:4448: $? = 0
configure:4461: result: none needed
configure:4520: checking for ranlib
configure:4536: found /usr/bin/ranlib
configure:4547: result: ranlib
configure:4623: checking for pkg-config
configure:4641: found /usr/bin/pkg-config
configure:4653: result: /usr/bin/pkg-config
configure:4678: checking pkg-config is at least version 0.23
configure:4681: result: yes
configure:4753: checking build system type
configure:4767: result: x86_64-pc-linux-gnu
configure:4787: checking host system type
configure:4800: result: x86_64-pc-linux-gnu
configure:4841: checking how to print strings
configure:4868: result: printf
configure:4889: checking for a sed that does not truncate output
configure:4953: result: /bin/sed
configure:4971: checking for grep that handles long lines and -e
configure:5029: result: /bin/grep
configure:5034: checking for egrep
configure:5096: result: /bin/grep -E
configure:5101: checking for fgrep
configure:5163: result: /bin/grep -F
configure:5198: checking for ld used by gcc
configure:5265: result: /usr/bin/ld
configure:5272: checking if the linker (/usr/bin/ld) is GNU ld
configure:5287: result: yes
configure:5299: checking for BSD- or MS-compatible name lister (nm)
configure:5353: result: /usr/bin/nm -B
configure:5483: checking the name lister (/usr/bin/nm -B) interface
configure:5490: gcc -c -g -O2  conftest.c >&5
configure:5493: /usr/bin/nm -B "conftest.o"
configure:5496: output
0000000000000000 B some_variable
configure:5503: result: BSD nm
configure:5506: checking whether ln -s works
configure:5510: result: yes
configure:5518: checking the maximum length of command line arguments
configure:5649: result: 1572864
configure:5697: checking how to convert x86_64-pc-linux-gnu file names to x86_64-pc-linux-gnu format
configure:5737: result: func_convert_file_noop
configure:5744: checking how to convert x86_64-pc-linux-gnu file names to toolchain format
configure:5764: result: func_convert_file_noop
configure:5771: checking for /usr/bin/ld option to reload object files
configure:5778: result: -r
configure:5852: checking for objdump
configure:5868: found /usr/bin/objdump
configure:5879: result: objdump
configure:5911: checking how to recognize dependent libraries
configure:6111: result: pass_all
configure:6196: checking for dlltool
configure:6226: result: no
configure:6256: checking how to associate runtime and link libraries
configure:6283: result: printf %s\n
configure:6344: checking for ar
configure:6360: found /usr/bin/ar
configure:6371: result: ar
configure:6408: checking for archiver @FILE support
configure:6425: gcc -c -g -O2  conftest.c >&5
configure:6425: $? = 0
configure:6428: ar cru libconftest.a @conftest.lst >&5
ar: `u' modifier ignored since `D' is the default (see `U')
configure:6431: $? = 0
configure:6436: ar cru libconftest.a @conftest.lst >&5
ar: `u' modifier ignored since `D' is the default (see `U')
ar: conftest.o: No such file or directory
configure:6439: $? = 1
configure:6451: result: @
configure:6509: checking for strip
configure:6525: found /usr/bin/strip
configure:6536: result: strip
configure:6608: checking for ranlib
configure:6635: result: ranlib
configure:6737: checking command to parse /usr/bin/nm -B output from gcc object
configure:6890: gcc -c -g -O2  conftest.c >&5
configure:6893: $? = 0
configure:6897: /usr/bin/nm -B conftest.o \| sed -n -e 's/^.*[ ]\([ABCDGIRSTW][ABCDGIRSTW]*\)[ ][ ]*\([_A-Za-z][_A-Za-z0-9]*\)$/\1 \2 \2/p' | sed '/ __gnu_lto/d' \> conftest.nm
configure:6900: $? = 0
configure:6966: gcc -o conftest -g -O2   conftest.c conftstm.o >&5
configure:6969: $? = 0
configure:7007: result: ok
configure:7054: checking for sysroot
configure:7084: result: no
configure:7091: checking for a working dd
configure:7129: result: /bin/dd
configure:7133: checking how to truncate binary pipes
configure:7148: result: /bin/dd bs=4096 count=1
configure:7284: gcc -c -g -O2  conftest.c >&5
configure:7287: $? = 0
configure:7477: checking for mt
configure:7493: found /bin/mt
configure:7504: result: mt
configure:7527: checking if mt is a manifest tool
configure:7533: mt '-?'
configure:7541: result: no
configure:8218: checking how to run the C preprocessor
configure:8249: gcc -E  conftest.c
configure:8249: $? = 0
configure:8263: gcc -E  conftest.c
conftest.c:11:10: fatal error: ac_nonexistent.h: No such file or directory
 #include <ac_nonexistent.h>
          ^~~~~~~~~~~~~~~~~~
compilation terminated.
configure:8263: $? = 1
configure: failed program was:
| /* confdefs.h */
| #define PACKAGE_NAME "openocd"
| #define PACKAGE_TARNAME "openocd"
| #define PACKAGE_VERSION "0.10.0+dev"
| #define PACKAGE_STRING "openocd 0.10.0+dev"
| #define PACKAGE_BUGREPORT "OpenOCD Mailing List <openocd-devel@lists.sourceforge.net>"
| #define PACKAGE_URL ""
| #define PACKAGE "openocd"
| #define VERSION "0.10.0+dev"
| /* end confdefs.h.  */
| #include <ac_nonexistent.h>
configure:8288: result: gcc -E
configure:8308: gcc -E  conftest.c
configure:8308: $? = 0
configure:8322: gcc -E  conftest.c
conftest.c:11:10: fatal error: ac_nonexistent.h: No such file or directory
 #include <ac_nonexistent.h>
          ^~~~~~~~~~~~~~~~~~
compilation terminated.
configure:8322: $? = 1
configure: failed program was:
| /* confdefs.h */
| #define PACKAGE_NAME "openocd"
| #define PACKAGE_TARNAME "openocd"
| #define PACKAGE_VERSION "0.10.0+dev"
| #define PACKAGE_STRING "openocd 0.10.0+dev"
| #define PACKAGE_BUGREPORT "OpenOCD Mailing List <openocd-devel@lists.sourceforge.net>"
| #define PACKAGE_URL ""
| #define PACKAGE "openocd"
| #define VERSION "0.10.0+dev"
| /* end confdefs.h.  */
| #include <ac_nonexistent.h>
configure:8351: checking for ANSI C header files
configure:8371: gcc -c -g -O2  conftest.c >&5
configure:8371: $? = 0
configure:8444: gcc -o conftest -g -O2   conftest.c  >&5
configure:8444: $? = 0
configure:8444: ./conftest
configure:8444: $? = 0
configure:8455: result: yes
configure:8468: checking for sys/types.h
configure:8468: gcc -c -g -O2  conftest.c >&5
configure:8468: $? = 0
configure:8468: result: yes
configure:8468: checking for sys/stat.h
configure:8468: gcc -c -g -O2  conftest.c >&5
configure:8468: $? = 0
configure:8468: result: yes
configure:8468: checking for stdlib.h
configure:8468: gcc -c -g -O2  conftest.c >&5
configure:8468: $? = 0
configure:8468: result: yes
configure:8468: checking for string.h
configure:8468: gcc -c -g -O2  conftest.c >&5
configure:8468: $? = 0
configure:8468: result: yes
configure:8468: checking for memory.h
configure:8468: gcc -c -g -O2  conftest.c >&5
configure:8468: $? = 0
configure:8468: result: yes
configure:8468: checking for strings.h
configure:8468: gcc -c -g -O2  conftest.c >&5
configure:8468: $? = 0
configure:8468: result: yes
configure:8468: checking for inttypes.h
configure:8468: gcc -c -g -O2  conftest.c >&5
configure:8468: $? = 0
configure:8468: result: yes
configure:8468: checking for stdint.h
configure:8468: gcc -c -g -O2  conftest.c >&5
configure:8468: $? = 0
configure:8468: result: yes
configure:8468: checking for unistd.h
configure:8468: gcc -c -g -O2  conftest.c >&5
configure:8468: $? = 0
configure:8468: result: yes
configure:8482: checking for dlfcn.h
configure:8482: gcc -c -g -O2  conftest.c >&5
configure:8482: $? = 0
configure:8482: result: yes
configure:8708: checking for objdir
configure:8723: result: .libs
configure:8983: checking if gcc supports -fno-rtti -fno-exceptions
configure:9001: gcc -c -g -O2  -fno-rtti -fno-exceptions conftest.c >&5
cc1: warning: command line option '-fno-rtti' is valid for C++/ObjC++ but not for C
configure:9005: $? = 0
configure:9018: result: no
configure:9376: checking for gcc option to produce PIC
configure:9383: result: -fPIC -DPIC
configure:9391: checking if gcc PIC flag -fPIC -DPIC works
configure:9409: gcc -c -g -O2  -fPIC -DPIC -DPIC conftest.c >&5
configure:9413: $? = 0
configure:9426: result: yes
configure:9455: checking if gcc static flag -static works
configure:9483: result: yes
configure:9498: checking if gcc supports -c -o file.o
configure:9519: gcc -c -g -O2  -o out/conftest2.o conftest.c >&5
configure:9523: $? = 0
configure:9545: result: yes
configure:9553: checking if gcc supports -c -o file.o
configure:9600: result: yes
configure:9633: checking whether the gcc linker (/usr/bin/ld -m elf_x86_64) supports shared libraries
configure:10896: result: yes
configure:11136: checking dynamic linker characteristics
configure:11717: gcc -o conftest -g -O2   -Wl,-rpath -Wl,/foo conftest.c  >&5
configure:11717: $? = 0
configure:11966: result: GNU/Linux ld.so
configure:12088: checking how to hardcode library paths into programs
configure:12113: result: immediate
configure:12661: checking whether stripping libraries is possible
configure:12666: result: yes
configure:12701: checking if libtool supports shared libraries
configure:12703: result: yes
configure:12706: checking whether to build shared libraries
configure:12731: result: no
configure:12734: checking whether to build static libraries
configure:12738: result: yes
configure:12777: checking for an ANSI C-conforming const
configure:12843: gcc -c -g -O2  conftest.c >&5
configure:12843: $? = 0
configure:12850: result: yes
configure:12859: checking for unsigned long long int
configure:12907: result: yes
configure:12917: checking for long long int
configure:12967: result: yes
configure:12976: checking for library containing ioperm
configure:13007: gcc -o conftest -g -O2   conftest.c  >&5
configure:13007: $? = 0
configure:13024: result: none required
configure:13032: checking for library containing dlopen
configure:13063: gcc -o conftest -g -O2   conftest.c  >&5
/tmp/ccCxgNzY.o: In function `main':
/home/zhouxin/gap_sdk/tools/gap8-openocd/conftest.c:36: undefined reference to `dlopen'
collect2: error: ld returned 1 exit status
configure:13063: $? = 1
configure: failed program was:
| /* confdefs.h */
| #define PACKAGE_NAME "openocd"
| #define PACKAGE_TARNAME "openocd"
| #define PACKAGE_VERSION "0.10.0+dev"
| #define PACKAGE_STRING "openocd 0.10.0+dev"
| #define PACKAGE_BUGREPORT "OpenOCD Mailing List <openocd-devel@lists.sourceforge.net>"
| #define PACKAGE_URL ""
| #define PACKAGE "openocd"
| #define VERSION "0.10.0+dev"
| #define STDC_HEADERS 1
| #define HAVE_SYS_TYPES_H 1
| #define HAVE_SYS_STAT_H 1
| #define HAVE_STDLIB_H 1
| #define HAVE_STRING_H 1
| #define HAVE_MEMORY_H 1
| #define HAVE_STRINGS_H 1
| #define HAVE_INTTYPES_H 1
| #define HAVE_STDINT_H 1
| #define HAVE_UNISTD_H 1
| #define HAVE_DLFCN_H 1
| #define LT_OBJDIR ".libs/"
| #define HAVE_UNSIGNED_LONG_LONG_INT 1
| #define HAVE_LONG_LONG_INT 1
| /* end confdefs.h.  */
| 
| /* Override any GCC internal prototype to avoid an error.
|    Use char because int might match the return type of a GCC
|    builtin and then its argument prototype would still apply.  */
| #ifdef __cplusplus
| extern "C"
| #endif
| char dlopen ();
| int
| main ()
| {
| return dlopen ();
|   ;
|   return 0;
| }
configure:13063: gcc -o conftest -g -O2   conftest.c -ldl   >&5
configure:13063: $? = 0
configure:13080: result: -ldl
configure:13091: checking sys/socket.h usability
configure:13091: gcc -c -g -O2  conftest.c >&5
configure:13091: $? = 0
configure:13091: result: yes
configure:13091: checking sys/socket.h presence
configure:13091: gcc -E  conftest.c
configure:13091: $? = 0
configure:13091: result: yes
configure:13091: checking for sys/socket.h
configure:13091: result: yes
configure:13103: checking elf.h usability
configure:13103: gcc -c -g -O2  conftest.c >&5
configure:13103: $? = 0
configure:13103: result: yes
configure:13103: checking elf.h presence
configure:13103: gcc -E  conftest.c
configure:13103: $? = 0
configure:13103: result: yes
configure:13103: checking for elf.h
configure:13103: result: yes
configure:13115: checking dirent.h usability
configure:13115: gcc -c -g -O2  conftest.c >&5
configure:13115: $? = 0
configure:13115: result: yes
configure:13115: checking dirent.h presence
configure:13115: gcc -E  conftest.c
configure:13115: $? = 0
configure:13115: result: yes
configure:13115: checking for dirent.h
configure:13115: result: yes
configure:13127: checking fcntl.h usability
configure:13127: gcc -c -g -O2  conftest.c >&5
configure:13127: $? = 0
configure:13127: result: yes
configure:13127: checking fcntl.h presence
configure:13127: gcc -E  conftest.c
configure:13127: $? = 0
configure:13127: result: yes
configure:13127: checking for fcntl.h
configure:13127: result: yes
configure:13139: checking malloc.h usability
configure:13139: gcc -c -g -O2  conftest.c >&5
configure:13139: $? = 0
configure:13139: result: yes
configure:13139: checking malloc.h presence
configure:13139: gcc -E  conftest.c
configure:13139: $? = 0
configure:13139: result: yes
configure:13139: checking for malloc.h
configure:13139: result: yes
configure:13151: checking netdb.h usability
configure:13151: gcc -c -g -O2  conftest.c >&5
configure:13151: $? = 0
configure:13151: result: yes
configure:13151: checking netdb.h presence
configure:13151: gcc -E  conftest.c
configure:13151: $? = 0
configure:13151: result: yes
configure:13151: checking for netdb.h
configure:13151: result: yes
configure:13163: checking poll.h usability
configure:13163: gcc -c -g -O2  conftest.c >&5
configure:13163: $? = 0
configure:13163: result: yes
configure:13163: checking poll.h presence
configure:13163: gcc -E  conftest.c
configure:13163: $? = 0
configure:13163: result: yes
configure:13163: checking for poll.h
configure:13163: result: yes
configure:13175: checking pthread.h usability
configure:13175: gcc -c -g -O2  conftest.c >&5
configure:13175: $? = 0
configure:13175: result: yes
configure:13175: checking pthread.h presence
configure:13175: gcc -E  conftest.c
configure:13175: $? = 0
configure:13175: result: yes
configure:13175: checking for pthread.h
configure:13175: result: yes
configure:13187: checking for strings.h
configure:13187: result: yes
configure:13199: checking sys/ioctl.h usability
configure:13199: gcc -c -g -O2  conftest.c >&5
configure:13199: $? = 0
configure:13199: result: yes
configure:13199: checking sys/ioctl.h presence
configure:13199: gcc -E  conftest.c
configure:13199: $? = 0
configure:13199: result: yes
configure:13199: checking for sys/ioctl.h
configure:13199: result: yes
configure:13211: checking sys/param.h usability
configure:13211: gcc -c -g -O2  conftest.c >&5
configure:13211: $? = 0
configure:13211: result: yes
configure:13211: checking sys/param.h presence
configure:13211: gcc -E  conftest.c
configure:13211: $? = 0
configure:13211: result: yes
configure:13211: checking for sys/param.h
configure:13211: result: yes
configure:13223: checking sys/select.h usability
configure:13223: gcc -c -g -O2  conftest.c >&5
configure:13223: $? = 0
configure:13223: result: yes
configure:13223: checking sys/select.h presence
configure:13223: gcc -E  conftest.c
configure:13223: $? = 0
configure:13223: result: yes
configure:13223: checking for sys/select.h
configure:13223: result: yes
configure:13235: checking for sys/stat.h
configure:13235: result: yes
configure:13247: checking sys/sysctl.h usability
configure:13247: gcc -c -g -O2  conftest.c >&5
configure:13247: $? = 0
configure:13247: result: yes
configure:13247: checking sys/sysctl.h presence
configure:13247: gcc -E  conftest.c
configure:13247: $? = 0
configure:13247: result: yes
configure:13247: checking for sys/sysctl.h
configure:13247: result: yes
configure:13259: checking sys/time.h usability
configure:13259: gcc -c -g -O2  conftest.c >&5
configure:13259: $? = 0
configure:13259: result: yes
configure:13259: checking sys/time.h presence
configure:13259: gcc -E  conftest.c
configure:13259: $? = 0
configure:13259: result: yes
configure:13259: checking for sys/time.h
configure:13259: result: yes
configure:13271: checking for sys/types.h
configure:13271: result: yes
configure:13283: checking for unistd.h
configure:13283: result: yes
configure:13296: checking for arpa/inet.h
configure:13296: gcc -c -g -O2  conftest.c >&5
configure:13296: $? = 0
configure:13296: result: yes
configure:13296: checking for ifaddrs.h
configure:13296: gcc -c -g -O2  conftest.c >&5
configure:13296: $? = 0
configure:13296: result: yes
configure:13296: checking for netinet/in.h
configure:13296: gcc -c -g -O2  conftest.c >&5
configure:13296: $? = 0
configure:13296: result: yes
configure:13296: checking for netinet/tcp.h
configure:13296: gcc -c -g -O2  conftest.c >&5
configure:13296: $? = 0
configure:13296: result: yes
configure:13296: checking for net/if.h
configure:13296: gcc -c -g -O2  conftest.c >&5
configure:13296: $? = 0
configure:13296: result: yes
configure:13321: checking whether to enable assertions
configure:13339: result: yes
configure:13342: checking for stdbool.h that conforms to C99
configure:13409: gcc -c -g -O2  conftest.c >&5
configure:13409: $? = 0
configure:13416: result: yes
configure:13418: checking for _Bool
configure:13418: gcc -c -g -O2  conftest.c >&5
configure:13418: $? = 0
configure:13418: gcc -c -g -O2  conftest.c >&5
conftest.c: In function 'main':
conftest.c:83:20: error: expected expression before ')' token
 if (sizeof ((_Bool)))
                    ^
configure:13418: $? = 1
configure: failed program was:
| /* confdefs.h */
| #define PACKAGE_NAME "openocd"
| #define PACKAGE_TARNAME "openocd"
| #define PACKAGE_VERSION "0.10.0+dev"
| #define PACKAGE_STRING "openocd 0.10.0+dev"
| #define PACKAGE_BUGREPORT "OpenOCD Mailing List <openocd-devel@lists.sourceforge.net>"
| #define PACKAGE_URL ""
| #define PACKAGE "openocd"
| #define VERSION "0.10.0+dev"
| #define STDC_HEADERS 1
| #define HAVE_SYS_TYPES_H 1
| #define HAVE_SYS_STAT_H 1
| #define HAVE_STDLIB_H 1
| #define HAVE_STRING_H 1
| #define HAVE_MEMORY_H 1
| #define HAVE_STRINGS_H 1
| #define HAVE_INTTYPES_H 1
| #define HAVE_STDINT_H 1
| #define HAVE_UNISTD_H 1
| #define HAVE_DLFCN_H 1
| #define LT_OBJDIR ".libs/"
| #define HAVE_UNSIGNED_LONG_LONG_INT 1
| #define HAVE_LONG_LONG_INT 1
| #define HAVE_SYS_SOCKET_H 1
| #define HAVE_ELF_H 1
| #define HAVE_DIRENT_H 1
| #define HAVE_FCNTL_H 1
| #define HAVE_MALLOC_H 1
| #define HAVE_NETDB_H 1
| #define HAVE_POLL_H 1
| #define HAVE_PTHREAD_H 1
| #define HAVE_STRINGS_H 1
| #define HAVE_SYS_IOCTL_H 1
| #define HAVE_SYS_PARAM_H 1
| #define HAVE_SYS_SELECT_H 1
| #define HAVE_SYS_STAT_H 1
| #define HAVE_SYS_SYSCTL_H 1
| #define HAVE_SYS_TIME_H 1
| #define HAVE_SYS_TYPES_H 1
| #define HAVE_UNISTD_H 1
| #define HAVE_ARPA_INET_H 1
| #define HAVE_IFADDRS_H 1
| #define HAVE_NETINET_IN_H 1
| #define HAVE_NETINET_TCP_H 1
| #define HAVE_NET_IF_H 1
| /* end confdefs.h.  */
| #include <stdio.h>
| #ifdef HAVE_SYS_TYPES_H
| # include <sys/types.h>
| #endif
| #ifdef HAVE_SYS_STAT_H
| # include <sys/stat.h>
| #endif
| #ifdef STDC_HEADERS
| # include <stdlib.h>
| # include <stddef.h>
| #else
| # ifdef HAVE_STDLIB_H
| #  include <stdlib.h>
| # endif
| #endif
| #ifdef HAVE_STRING_H
| # if !defined STDC_HEADERS && defined HAVE_MEMORY_H
| #  include <memory.h>
| # endif
| # include <string.h>
| #endif
| #ifdef HAVE_STRINGS_H
| # include <strings.h>
| #endif
| #ifdef HAVE_INTTYPES_H
| # include <inttypes.h>
| #endif
| #ifdef HAVE_STDINT_H
| # include <stdint.h>
| #endif
| #ifdef HAVE_UNISTD_H
| # include <unistd.h>
| #endif
| int
| main ()
| {
| if (sizeof ((_Bool)))
| 	    return 0;
|   ;
|   return 0;
| }
configure:13418: result: yes
configure:13435: checking whether time.h and sys/time.h may both be included
configure:13455: gcc -c -g -O2  conftest.c >&5
configure:13455: $? = 0
configure:13462: result: yes
configure:13471: checking whether byte ordering is bigendian
configure:13486: gcc -c -g -O2  conftest.c >&5
conftest.c:51:9: error: unknown type name 'not'
         not a universal capable compiler
         ^~~
conftest.c:51:15: error: expected '=', ',', ';', 'asm' or '__attribute__' before 'universal'
         not a universal capable compiler
               ^~~~~~~~~
conftest.c:51:15: error: unknown type name 'universal'
configure:13486: $? = 1
configure: failed program was:
| /* confdefs.h */
| #define PACKAGE_NAME "openocd"
| #define PACKAGE_TARNAME "openocd"
| #define PACKAGE_VERSION "0.10.0+dev"
| #define PACKAGE_STRING "openocd 0.10.0+dev"
| #define PACKAGE_BUGREPORT "OpenOCD Mailing List <openocd-devel@lists.sourceforge.net>"
| #define PACKAGE_URL ""
| #define PACKAGE "openocd"
| #define VERSION "0.10.0+dev"
| #define STDC_HEADERS 1
| #define HAVE_SYS_TYPES_H 1
| #define HAVE_SYS_STAT_H 1
| #define HAVE_STDLIB_H 1
| #define HAVE_STRING_H 1
| #define HAVE_MEMORY_H 1
| #define HAVE_STRINGS_H 1
| #define HAVE_INTTYPES_H 1
| #define HAVE_STDINT_H 1
| #define HAVE_UNISTD_H 1
| #define HAVE_DLFCN_H 1
| #define LT_OBJDIR ".libs/"
| #define HAVE_UNSIGNED_LONG_LONG_INT 1
| #define HAVE_LONG_LONG_INT 1
| #define HAVE_SYS_SOCKET_H 1
| #define HAVE_ELF_H 1
| #define HAVE_DIRENT_H 1
| #define HAVE_FCNTL_H 1
| #define HAVE_MALLOC_H 1
| #define HAVE_NETDB_H 1
| #define HAVE_POLL_H 1
| #define HAVE_PTHREAD_H 1
| #define HAVE_STRINGS_H 1
| #define HAVE_SYS_IOCTL_H 1
| #define HAVE_SYS_PARAM_H 1
| #define HAVE_SYS_SELECT_H 1
| #define HAVE_SYS_STAT_H 1
| #define HAVE_SYS_SYSCTL_H 1
| #define HAVE_SYS_TIME_H 1
| #define HAVE_SYS_TYPES_H 1
| #define HAVE_UNISTD_H 1
| #define HAVE_ARPA_INET_H 1
| #define HAVE_IFADDRS_H 1
| #define HAVE_NETINET_IN_H 1
| #define HAVE_NETINET_TCP_H 1
| #define HAVE_NET_IF_H 1
| #define HAVE__BOOL 1
| #define HAVE_STDBOOL_H 1
| #define TIME_WITH_SYS_TIME 1
| /* end confdefs.h.  */
| #ifndef __APPLE_CC__
| 	       not a universal capable compiler
| 	     #endif
| 	     typedef int dummy;
| 
configure:13531: gcc -c -g -O2  conftest.c >&5
configure:13531: $? = 0
configure:13549: gcc -c -g -O2  conftest.c >&5
conftest.c: In function 'main':
conftest.c:57:4: error: unknown type name 'not'; did you mean 'ino_t'?
    not big endian
    ^~~
    ino_t
conftest.c:57:12: error: expected '=', ',', ';', 'asm' or '__attribute__' before 'endian'
    not big endian
            ^~~~~~
configure:13549: $? = 1
configure: failed program was:
| /* confdefs.h */
| #define PACKAGE_NAME "openocd"
| #define PACKAGE_TARNAME "openocd"
| #define PACKAGE_VERSION "0.10.0+dev"
| #define PACKAGE_STRING "openocd 0.10.0+dev"
| #define PACKAGE_BUGREPORT "OpenOCD Mailing List <openocd-devel@lists.sourceforge.net>"
| #define PACKAGE_URL ""
| #define PACKAGE "openocd"
| #define VERSION "0.10.0+dev"
| #define STDC_HEADERS 1
| #define HAVE_SYS_TYPES_H 1
| #define HAVE_SYS_STAT_H 1
| #define HAVE_STDLIB_H 1
| #define HAVE_STRING_H 1
| #define HAVE_MEMORY_H 1
| #define HAVE_STRINGS_H 1
| #define HAVE_INTTYPES_H 1
| #define HAVE_STDINT_H 1
| #define HAVE_UNISTD_H 1
| #define HAVE_DLFCN_H 1
| #define LT_OBJDIR ".libs/"
| #define HAVE_UNSIGNED_LONG_LONG_INT 1
| #define HAVE_LONG_LONG_INT 1
| #define HAVE_SYS_SOCKET_H 1
| #define HAVE_ELF_H 1
| #define HAVE_DIRENT_H 1
| #define HAVE_FCNTL_H 1
| #define HAVE_MALLOC_H 1
| #define HAVE_NETDB_H 1
| #define HAVE_POLL_H 1
| #define HAVE_PTHREAD_H 1
| #define HAVE_STRINGS_H 1
| #define HAVE_SYS_IOCTL_H 1
| #define HAVE_SYS_PARAM_H 1
| #define HAVE_SYS_SELECT_H 1
| #define HAVE_SYS_STAT_H 1
| #define HAVE_SYS_SYSCTL_H 1
| #define HAVE_SYS_TIME_H 1
| #define HAVE_SYS_TYPES_H 1
| #define HAVE_UNISTD_H 1
| #define HAVE_ARPA_INET_H 1
| #define HAVE_IFADDRS_H 1
| #define HAVE_NETINET_IN_H 1
| #define HAVE_NETINET_TCP_H 1
| #define HAVE_NET_IF_H 1
| #define HAVE__BOOL 1
| #define HAVE_STDBOOL_H 1
| #define TIME_WITH_SYS_TIME 1
| /* end confdefs.h.  */
| #include <sys/types.h>
| 		#include <sys/param.h>
| 
| int
| main ()
| {
| #if BYTE_ORDER != BIG_ENDIAN
| 		 not big endian
| 		#endif
| 
|   ;
|   return 0;
| }
configure:13677: result: no
configure:13698: checking for strndup
configure:13698: gcc -o conftest -g -O2   conftest.c -ldl  >&5
conftest.c:73:6: warning: conflicting types for built-in function 'strndup' [-Wbuiltin-declaration-mismatch]
 char strndup ();
      ^~~~~~~
configure:13698: $? = 0
configure:13698: result: yes
configure:13709: checking for strnlen
configure:13709: gcc -o conftest -g -O2   conftest.c -ldl  >&5
configure:13709: $? = 0
configure:13709: result: yes
configure:13720: checking for gettimeofday
configure:13720: gcc -o conftest -g -O2   conftest.c -ldl  >&5
configure:13720: $? = 0
configure:13720: result: yes
configure:13731: checking for usleep
configure:13731: gcc -o conftest -g -O2   conftest.c -ldl  >&5
configure:13731: $? = 0
configure:13731: result: yes
configure:13742: checking for vasprintf
configure:13742: gcc -o conftest -g -O2   conftest.c -ldl  >&5
configure:13742: $? = 0
configure:13742: result: yes
configure:13753: checking for realpath
configure:13753: gcc -o conftest -g -O2   conftest.c -ldl  >&5
configure:13753: $? = 0
configure:13753: result: yes
configure:13764: checking whether to build a release
configure:13775: result: no
configure:13811: checking whether to build Doxygen as HTML
configure:13813: result: yes
configure:13824: checking whether to build Doxygen as PDF
configure:13826: result: no
configure:13878: checking whether to enable verbose USB I/O messages
configure:13880: result: no
configure:13890: checking whether to enable verbose USB communication messages
configure:13892: result: no
configure:13909: checking whether to enable malloc free space logging
configure:13911: result: no
configure:14260: checking whether to enable ZY1000 minidriver
configure:14275: result: no
configure:14286: checking whether to enable dummy minidriver
configure:14304: result: no
configure:14307: checking whether standard drivers can be built
configure:14319: result: yes
configure:14786: checking for LIBUSB1
configure:14793: $PKG_CONFIG --exists --print-errors "libusb-1.0"
configure:14796: $? = 0
configure:14810: $PKG_CONFIG --exists --print-errors "libusb-1.0"
configure:14813: $? = 0
configure:14859: result: yes
configure:14867: $PKG_CONFIG --exists --print-errors "libusb-1.0 >= 1.0.9"
configure:14870: $? = 0
configure:14880: libusb-1.0 header bug workaround: LIBUSB1_CFLAGS changed to "-isystem /usr/include/libusb-1.0"
configure:14883: $PKG_CONFIG --exists --print-errors "libusb-1.0 >= 1.0.16"
configure:14886: $? = 0
configure:14897: checking for LIBUSB0
configure:14904: $PKG_CONFIG --exists --print-errors "libusb"
configure:14907: $? = 0
configure:14921: $PKG_CONFIG --exists --print-errors "libusb"
configure:14924: $? = 0
configure:14962: result: yes
configure:14970: checking for HIDAPI
configure:14977: $PKG_CONFIG --exists --print-errors "$hidapi_lib"
Package hidapi was not found in the pkg-config search path.
Perhaps you should add the directory containing `hidapi.pc'
to the PKG_CONFIG_PATH environment variable
No package 'hidapi' found
configure:14980: $? = 1
configure:14994: $PKG_CONFIG --exists --print-errors "$hidapi_lib"
Package hidapi was not found in the pkg-config search path.
Perhaps you should add the directory containing `hidapi.pc'
to the PKG_CONFIG_PATH environment variable
No package 'hidapi' found
configure:14997: $? = 1
configure:15011: result: no
No package 'hidapi' found
configure:14970: checking for HIDAPI
configure:14977: $PKG_CONFIG --exists --print-errors "$hidapi_lib"
Package hidapi-hidraw was not found in the pkg-config search path.
Perhaps you should add the directory containing `hidapi-hidraw.pc'
to the PKG_CONFIG_PATH environment variable
No package 'hidapi-hidraw' found
configure:14980: $? = 1
configure:14994: $PKG_CONFIG --exists --print-errors "$hidapi_lib"
Package hidapi-hidraw was not found in the pkg-config search path.
Perhaps you should add the directory containing `hidapi-hidraw.pc'
to the PKG_CONFIG_PATH environment variable
No package 'hidapi-hidraw' found
configure:14997: $? = 1
configure:15011: result: no
No package 'hidapi-hidraw' found
configure:14970: checking for HIDAPI
configure:14977: $PKG_CONFIG --exists --print-errors "$hidapi_lib"
Package hidapi-libusb was not found in the pkg-config search path.
Perhaps you should add the directory containing `hidapi-libusb.pc'
to the PKG_CONFIG_PATH environment variable
No package 'hidapi-libusb' found
configure:14980: $? = 1
configure:14994: $PKG_CONFIG --exists --print-errors "$hidapi_lib"
Package hidapi-libusb was not found in the pkg-config search path.
Perhaps you should add the directory containing `hidapi-libusb.pc'
to the PKG_CONFIG_PATH environment variable
No package 'hidapi-libusb' found
configure:14997: $? = 1
configure:15011: result: no
No package 'hidapi-libusb' found
configure:15050: checking for LIBFTDI
configure:15057: $PKG_CONFIG --exists --print-errors "libftdi1"
configure:15060: $? = 0
configure:15074: $PKG_CONFIG --exists --print-errors "libftdi1"
configure:15077: $? = 0
configure:15259: result: yes
configure:15266: checking for LIBJAYLINK
configure:15273: $PKG_CONFIG --exists --print-errors "libjaylink >= 0.2"
Package libjaylink was not found in the pkg-config search path.
Perhaps you should add the directory containing `libjaylink.pc'
to the PKG_CONFIG_PATH environment variable
No package 'libjaylink' found
configure:15276: $? = 1
configure:15290: $PKG_CONFIG --exists --print-errors "libjaylink >= 0.2"
Package libjaylink was not found in the pkg-config search path.
Perhaps you should add the directory containing `libjaylink.pc'
to the PKG_CONFIG_PATH environment variable
No package 'libjaylink' found
configure:15293: $? = 1
configure:15307: result: no
No package 'libjaylink' found
configure:16508: checking for environ in unistd.h and stdlib.h
configure:16526: gcc -c -g -O2  conftest.c >&5
configure:16526: $? = 0
configure:16528: result: yes
configure:16722: checking that generated files are newer than configure
configure:16728: result: done
configure:16976: creating ./config.status

## ---------------------- ##
## Running config.status. ##
## ---------------------- ##

This file was extended by openocd config.status 0.10.0+dev, which was
generated by GNU Autoconf 2.69.  Invocation command line was

  CONFIG_FILES    = 
  CONFIG_HEADERS  = 
  CONFIG_LINKS    = 
  CONFIG_COMMANDS = 
  $ ./config.status 

on bitcrazeDemo

config.status:1293: creating Makefile
config.status:1293: creating config.h
config.status:1474: config.h is unchanged
config.status:1522: executing depfiles commands
config.status:1522: executing libtool commands
configure:19184: === configuring in jimtcl (/home/zhouxin/gap_sdk/tools/gap8-openocd/jimtcl)
configure:19247: running /bin/bash ./configure.gnu --disable-option-checking '--prefix=/usr/local'  'PKG_CONFIG_PATH=/opt/ros/melodic/lib/pkgconfig' --cache-file=/dev/null --srcdir=.
configure:19184: === configuring in src/jtag/drivers/libjaylink (/home/zhouxin/gap_sdk/tools/gap8-openocd/src/jtag/drivers/libjaylink)
configure:19247: running /bin/bash ./configure.gnu --disable-option-checking '--prefix=/usr/local'  'PKG_CONFIG_PATH=/opt/ros/melodic/lib/pkgconfig' --cache-file=/dev/null --srcdir=.

## ---------------- ##
## Cache variables. ##
## ---------------- ##

ac_cv_build=x86_64-pc-linux-gnu
ac_cv_c_bigendian=no
ac_cv_c_compiler_gnu=yes
ac_cv_c_const=yes
ac_cv_env_CC_set=
ac_cv_env_CC_value=
ac_cv_env_CFLAGS_set=
ac_cv_env_CFLAGS_value=
ac_cv_env_CPPFLAGS_set=
ac_cv_env_CPPFLAGS_value=
ac_cv_env_CPP_set=
ac_cv_env_CPP_value=
ac_cv_env_HIDAPI_CFLAGS_set=
ac_cv_env_HIDAPI_CFLAGS_value=
ac_cv_env_HIDAPI_LIBS_set=
ac_cv_env_HIDAPI_LIBS_value=
ac_cv_env_LDFLAGS_set=
ac_cv_env_LDFLAGS_value=
ac_cv_env_LIBFTDI_CFLAGS_set=
ac_cv_env_LIBFTDI_CFLAGS_value=
ac_cv_env_LIBFTDI_LIBS_set=
ac_cv_env_LIBFTDI_LIBS_value=
ac_cv_env_LIBJAYLINK_CFLAGS_set=
ac_cv_env_LIBJAYLINK_CFLAGS_value=
ac_cv_env_LIBJAYLINK_LIBS_set=
ac_cv_env_LIBJAYLINK_LIBS_value=
ac_cv_env_LIBS_set=
ac_cv_env_LIBS_value=
ac_cv_env_LIBUSB0_CFLAGS_set=
ac_cv_env_LIBUSB0_CFLAGS_value=
ac_cv_env_LIBUSB0_LIBS_set=
ac_cv_env_LIBUSB0_LIBS_value=
ac_cv_env_LIBUSB1_CFLAGS_set=
ac_cv_env_LIBUSB1_CFLAGS_value=
ac_cv_env_LIBUSB1_LIBS_set=
ac_cv_env_LIBUSB1_LIBS_value=
ac_cv_env_LT_SYS_LIBRARY_PATH_set=
ac_cv_env_LT_SYS_LIBRARY_PATH_value=
ac_cv_env_PKG_CONFIG_LIBDIR_set=
ac_cv_env_PKG_CONFIG_LIBDIR_value=
ac_cv_env_PKG_CONFIG_PATH_set=set
ac_cv_env_PKG_CONFIG_PATH_value=/opt/ros/melodic/lib/pkgconfig
ac_cv_env_PKG_CONFIG_set=
ac_cv_env_PKG_CONFIG_value=
ac_cv_env_build_alias_set=
ac_cv_env_build_alias_value=
ac_cv_env_host_alias_set=
ac_cv_env_host_alias_value=
ac_cv_env_target_alias_set=
ac_cv_env_target_alias_value=
ac_cv_func_gettimeofday=yes
ac_cv_func_realpath=yes
ac_cv_func_strndup=yes
ac_cv_func_strnlen=yes
ac_cv_func_usleep=yes
ac_cv_func_vasprintf=yes
ac_cv_header_arpa_inet_h=yes
ac_cv_header_dirent_h=yes
ac_cv_header_dlfcn_h=yes
ac_cv_header_elf_h=yes
ac_cv_header_fcntl_h=yes
ac_cv_header_ifaddrs_h=yes
ac_cv_header_inttypes_h=yes
ac_cv_header_malloc_h=yes
ac_cv_header_memory_h=yes
ac_cv_header_net_if_h=yes
ac_cv_header_netdb_h=yes
ac_cv_header_netinet_in_h=yes
ac_cv_header_netinet_tcp_h=yes
ac_cv_header_poll_h=yes
ac_cv_header_pthread_h=yes
ac_cv_header_stdbool_h=yes
ac_cv_header_stdc=yes
ac_cv_header_stdint_h=yes
ac_cv_header_stdlib_h=yes
ac_cv_header_string_h=yes
ac_cv_header_strings_h=yes
ac_cv_header_sys_ioctl_h=yes
ac_cv_header_sys_param_h=yes
ac_cv_header_sys_select_h=yes
ac_cv_header_sys_socket_h=yes
ac_cv_header_sys_stat_h=yes
ac_cv_header_sys_sysctl_h=yes
ac_cv_header_sys_time_h=yes
ac_cv_header_sys_types_h=yes
ac_cv_header_time=yes
ac_cv_header_unistd_h=yes
ac_cv_host=x86_64-pc-linux-gnu
ac_cv_objext=o
ac_cv_path_EGREP='/bin/grep -E'
ac_cv_path_FGREP='/bin/grep -F'
ac_cv_path_GREP=/bin/grep
ac_cv_path_SED=/bin/sed
ac_cv_path_ac_pt_PKG_CONFIG=/usr/bin/pkg-config
ac_cv_path_install='/usr/bin/install -c'
ac_cv_path_lt_DD=/bin/dd
ac_cv_path_mkdir=/bin/mkdir
ac_cv_prog_AWK=gawk
ac_cv_prog_CPP='gcc -E'
ac_cv_prog_MAKEINFO=makeinfo
ac_cv_prog_ac_ct_AR=ar
ac_cv_prog_ac_ct_CC=gcc
ac_cv_prog_ac_ct_MANIFEST_TOOL=mt
ac_cv_prog_ac_ct_OBJDUMP=objdump
ac_cv_prog_ac_ct_RANLIB=ranlib
ac_cv_prog_ac_ct_STRIP=strip
ac_cv_prog_cc_c89=
ac_cv_prog_cc_c99=
ac_cv_prog_cc_g=yes
ac_cv_prog_make_make_set=yes
ac_cv_search_dlopen=-ldl
ac_cv_search_ioperm='none required'
ac_cv_type__Bool=yes
ac_cv_type_long_long_int=yes
ac_cv_type_unsigned_long_long_int=yes
am_cv_CC_dependencies_compiler_type=gcc3
am_cv_make_support_nested_variables=yes
am_cv_prog_cc_c_o=yes
lt_cv_ar_at_file=@
lt_cv_deplibs_check_method=pass_all
lt_cv_file_magic_cmd='$MAGIC_CMD'
lt_cv_file_magic_test_file=
lt_cv_ld_reload_flag=-r
lt_cv_nm_interface='BSD nm'
lt_cv_objdir=.libs
lt_cv_path_LD=/usr/bin/ld
lt_cv_path_NM='/usr/bin/nm -B'
lt_cv_path_mainfest_tool=no
lt_cv_prog_compiler_c_o=yes
lt_cv_prog_compiler_pic='-fPIC -DPIC'
lt_cv_prog_compiler_pic_works=yes
lt_cv_prog_compiler_rtti_exceptions=no
lt_cv_prog_compiler_static_works=yes
lt_cv_prog_gnu_ld=yes
lt_cv_sharedlib_from_linklib_cmd='printf %s\n'
lt_cv_shlibpath_overrides_runpath=yes
lt_cv_sys_global_symbol_pipe='sed -n -e '\''s/^.*[	 ]\([ABCDGIRSTW][ABCDGIRSTW]*\)[	 ][	 ]*\([_A-Za-z][_A-Za-z0-9]*\)$/\1 \2 \2/p'\'' | sed '\''/ __gnu_lto/d'\'''
lt_cv_sys_global_symbol_to_c_name_address='sed -n -e '\''s/^: \(.*\) .*$/  {"\1", (void *) 0},/p'\'' -e '\''s/^[ABCDGIRSTW][ABCDGIRSTW]* .* \(.*\)$/  {"\1", (void *) \&\1},/p'\'''
lt_cv_sys_global_symbol_to_c_name_address_lib_prefix='sed -n -e '\''s/^: \(.*\) .*$/  {"\1", (void *) 0},/p'\'' -e '\''s/^[ABCDGIRSTW][ABCDGIRSTW]* .* \(lib.*\)$/  {"\1", (void *) \&\1},/p'\'' -e '\''s/^[ABCDGIRSTW][ABCDGIRSTW]* .* \(.*\)$/  {"lib\1", (void *) \&\1},/p'\'''
lt_cv_sys_global_symbol_to_cdecl='sed -n -e '\''s/^T .* \(.*\)$/extern int \1();/p'\'' -e '\''s/^[ABCDGIRSTW][ABCDGIRSTW]* .* \(.*\)$/extern char \1;/p'\'''
lt_cv_sys_global_symbol_to_import=
lt_cv_sys_max_cmd_len=1572864
lt_cv_to_host_file_cmd=func_convert_file_noop
lt_cv_to_tool_file_cmd=func_convert_file_noop
lt_cv_truncate_bin='/bin/dd bs=4096 count=1'
pkg_cv_LIBFTDI_CFLAGS='-I/usr/include/libftdi1 -I/usr/include/libusb-1.0'
pkg_cv_LIBFTDI_LIBS='-lftdi1 -lusb-1.0'
pkg_cv_LIBUSB0_CFLAGS=
pkg_cv_LIBUSB0_LIBS=-lusb
pkg_cv_LIBUSB1_CFLAGS=-I/usr/include/libusb-1.0
pkg_cv_LIBUSB1_LIBS=-lusb-1.0

## ----------------- ##
## Output variables. ##
## ----------------- ##

ACLOCAL='${SHELL} /home/zhouxin/gap_sdk/tools/gap8-openocd/missing aclocal-1.15'
AICE_FALSE='#'
AICE_TRUE=''
AMDEPBACKSLASH='\'
AMDEP_FALSE='#'
AMDEP_TRUE=''
AMTAR='$${TAR-tar}'
AMTJTAGACCEL_FALSE=''
AMTJTAGACCEL_TRUE='#'
AM_BACKSLASH='\'
AM_DEFAULT_V='$(AM_DEFAULT_VERBOSITY)'
AM_DEFAULT_VERBOSITY='1'
AM_V='$(V)'
AR='ar'
ARMJTAGEW_FALSE='#'
ARMJTAGEW_TRUE=''
AT91RM9200_FALSE=''
AT91RM9200_TRUE='#'
AUTOCONF='${SHELL} /home/zhouxin/gap_sdk/tools/gap8-openocd/missing autoconf'
AUTOHEADER='${SHELL} /home/zhouxin/gap_sdk/tools/gap8-openocd/missing autoheader'
AUTOMAKE='${SHELL} /home/zhouxin/gap_sdk/tools/gap8-openocd/missing automake-1.15'
AWK='gawk'
BCM2835GPIO_FALSE=''
BCM2835GPIO_TRUE='#'
BITBANG_FALSE=''
BITBANG_TRUE='#'
BITQ_FALSE='#'
BITQ_TRUE=''
BUSPIRATE_FALSE=''
BUSPIRATE_TRUE='#'
CC='gcc'
CCDEPMODE='depmode=gcc3'
CFLAGS='-g -O2'
CMSIS_DAP_FALSE=''
CMSIS_DAP_TRUE='#'
CPP='gcc -E'
CPPFLAGS=''
CYGPATH_W='echo'
DEFS='-DHAVE_CONFIG_H'
DEPDIR='.deps'
DLLTOOL='false'
DSYMUTIL=''
DUMMY_FALSE=''
DUMMY_TRUE='#'
DUMPBIN=''
ECHO_C=''
ECHO_N='-n'
ECHO_T=''
EGREP='/bin/grep -E'
EP93XX_FALSE=''
EP93XX_TRUE='#'
EXEEXT=''
FGREP='/bin/grep -F'
FT232R_FALSE='#'
FT232R_TRUE=''
FTDI_FALSE='#'
FTDI_TRUE=''
GCC_WARNINGS='-Wall -Wstrict-prototypes -Wformat-security -Wshadow -Wextra -Wno-unused-parameter -Wbad-function-cast -Wcast-align -Wredundant-decls -Werror'
GIVEIO_FALSE=''
GIVEIO_TRUE='#'
GREP='/bin/grep'
GW16012_FALSE=''
GW16012_TRUE='#'
HIDAPI_CFLAGS=''
HIDAPI_LIBS=''
HLADAPTER_FALSE='#'
HLADAPTER_ICDI_FALSE='#'
HLADAPTER_ICDI_TRUE=''
HLADAPTER_STLINK_FALSE='#'
HLADAPTER_STLINK_TRUE=''
HLADAPTER_TRUE=''
HOST_CPPFLAGS=''
IMX_GPIO_FALSE=''
IMX_GPIO_TRUE='#'
INSTALL_DATA='${INSTALL} -m 644'
INSTALL_PROGRAM='${INSTALL}'
INSTALL_SCRIPT='${INSTALL}'
INSTALL_STRIP_PROGRAM='$(install_sh) -c -s'
INTERNAL_JIMTCL_FALSE='#'
INTERNAL_JIMTCL_TRUE=''
INTERNAL_LIBJAYLINK_FALSE='#'
INTERNAL_LIBJAYLINK_TRUE=''
IOUTIL_FALSE=''
IOUTIL_TRUE='#'
IS_CYGWIN_FALSE=''
IS_CYGWIN_TRUE='#'
IS_DARWIN_FALSE=''
IS_DARWIN_TRUE='#'
IS_MINGW_FALSE=''
IS_MINGW_TRUE='#'
IS_WIN32_FALSE=''
IS_WIN32_TRUE='#'
JLINK_FALSE='#'
JLINK_TRUE=''
JTAG_VPI_FALSE=''
JTAG_VPI_TRUE='#'
KITPROG_FALSE=''
KITPROG_TRUE='#'
LD='/usr/bin/ld -m elf_x86_64'
LDFLAGS=''
LIBFTDI_CFLAGS='-I/usr/include/libftdi1 -I/usr/include/libusb-1.0'
LIBFTDI_LIBS='-lftdi1 -lusb-1.0'
LIBJAYLINK_CFLAGS=''
LIBJAYLINK_LIBS=''
LIBOBJS=''
LIBS='-ldl '
LIBTOOL='$(SHELL) $(top_builddir)/libtool'
LIBTOOL_DEPS='./ltmain.sh'
LIBUSB0_CFLAGS=''
LIBUSB0_LIBS='-lusb'
LIBUSB1_CFLAGS='-isystem /usr/include/libusb-1.0'
LIBUSB1_LIBS='-lusb-1.0'
LIPO=''
LN_S='ln -s'
LTLIBOBJS=''
LT_SYS_LIBRARY_PATH=''
MAKEINFO='makeinfo'
MANIFEST_TOOL=':'
MINIDRIVER_DUMMY_FALSE=''
MINIDRIVER_DUMMY_TRUE='#'
MINIDRIVER_FALSE=''
MINIDRIVER_TRUE='#'
MKDIR_P='/bin/mkdir -p'
NM='/usr/bin/nm -B'
NMEDIT=''
OBJDUMP='objdump'
OBJEXT='o'
OOCD_TRACE_FALSE=''
OOCD_TRACE_TRUE='#'
OPENDOUS_FALSE='#'
OPENDOUS_TRUE=''
OPENJTAG_FALSE='#'
OPENJTAG_TRUE=''
OSBDM_FALSE='#'
OSBDM_TRUE=''
OTOOL64=''
OTOOL=''
PACKAGE='openocd'
PACKAGE_BUGREPORT='OpenOCD Mailing List <openocd-devel@lists.sourceforge.net>'
PACKAGE_NAME='openocd'
PACKAGE_STRING='openocd 0.10.0+dev'
PACKAGE_TARNAME='openocd'
PACKAGE_URL=''
PACKAGE_VERSION='0.10.0+dev'
PARPORT_FALSE=''
PARPORT_TRUE='#'
PATH_SEPARATOR=':'
PKG_CONFIG='/usr/bin/pkg-config'
PKG_CONFIG_LIBDIR=''
PKG_CONFIG_PATH='/opt/ros/melodic/lib/pkgconfig'
PRESTO_FALSE='#'
PRESTO_TRUE=''
RANLIB='ranlib'
RELEASE_FALSE=''
RELEASE_TRUE='#'
REMOTE_BITBANG_FALSE=''
REMOTE_BITBANG_TRUE='#'
RLINK_FALSE='#'
RLINK_TRUE=''
SED='/bin/sed'
SET_MAKE=''
SHELL='/bin/bash'
STRIP='strip'
SYSFSGPIO_FALSE=''
SYSFSGPIO_TRUE='#'
TARGET64_FALSE='#'
TARGET64_TRUE=''
ULINK_FALSE='#'
ULINK_TRUE=''
USBPROG_FALSE='#'
USBPROG_TRUE=''
USB_BLASTER_2_FALSE='#'
USB_BLASTER_2_TRUE=''
USB_BLASTER_DRIVER_FALSE='#'
USB_BLASTER_DRIVER_TRUE=''
USB_BLASTER_FALSE='#'
USB_BLASTER_TRUE=''
USE_HIDAPI_FALSE=''
USE_HIDAPI_TRUE='#'
USE_LIBFTDI_FALSE='#'
USE_LIBFTDI_TRUE=''
USE_LIBJAYLINK_FALSE=''
USE_LIBJAYLINK_TRUE='#'
USE_LIBUSB0_FALSE='#'
USE_LIBUSB0_TRUE=''
USE_LIBUSB1_FALSE='#'
USE_LIBUSB1_TRUE=''
VERSION='0.10.0+dev'
VSLLINK_FALSE='#'
VSLLINK_TRUE=''
XDS110_FALSE='#'
XDS110_TRUE=''
ZY1000_FALSE=''
ZY1000_MASTER_FALSE=''
ZY1000_MASTER_TRUE='#'
ZY1000_TRUE='#'
ac_ct_AR='ar'
ac_ct_CC='gcc'
ac_ct_DUMPBIN=''
am__EXEEXT_FALSE=''
am__EXEEXT_TRUE='#'
am__fastdepCC_FALSE='#'
am__fastdepCC_TRUE=''
am__include='include'
am__isrc=''
am__leading_dot='.'
am__nodep='_no'
am__quote=''
am__tar='$${TAR-tar} chof - "$$tardir"'
am__untar='$${TAR-tar} xf -'
bindir='${exec_prefix}/bin'
build='x86_64-pc-linux-gnu'
build_alias=''
build_cpu='x86_64'
build_os='linux-gnu'
build_vendor='pc'
datadir='${datarootdir}'
datarootdir='${prefix}/share'
docdir='${datarootdir}/doc/${PACKAGE_TARNAME}'
doxygen_as_html='yes'
doxygen_as_pdf='no'
dvidir='${docdir}'
exec_prefix='${prefix}'
host='x86_64-pc-linux-gnu'
host_alias=''
host_cpu='x86_64'
host_os='linux-gnu'
host_vendor='pc'
htmldir='${docdir}'
includedir='${prefix}/include'
infodir='${datarootdir}/info'
install_sh='${SHELL} /home/zhouxin/gap_sdk/tools/gap8-openocd/install-sh'
libdir='${exec_prefix}/lib'
libexecdir='${exec_prefix}/libexec'
localedir='${datarootdir}/locale'
localstatedir='${prefix}/var'
mandir='${datarootdir}/man'
mkdir_p='$(MKDIR_P)'
oldincludedir='/usr/include'
pdfdir='${docdir}'
prefix='/usr/local'
program_transform_name='s,x,x,'
psdir='${docdir}'
runstatedir='${localstatedir}/run'
sbindir='${exec_prefix}/sbin'
sharedstatedir='${prefix}/com'
subdirs=' jimtcl src/jtag/drivers/libjaylink'
sysconfdir='${prefix}/etc'
target_alias=''

## ----------- ##
## confdefs.h. ##
## ----------- ##

/* confdefs.h */
#define PACKAGE_NAME "openocd"
#define PACKAGE_TARNAME "openocd"
#define PACKAGE_VERSION "0.10.0+dev"
#define PACKAGE_STRING "openocd 0.10.0+dev"
#define PACKAGE_BUGREPORT "OpenOCD Mailing List <openocd-devel@lists.sourceforge.net>"
#define PACKAGE_URL ""
#define PACKAGE "openocd"
#define VERSION "0.10.0+dev"
#define STDC_HEADERS 1
#define HAVE_SYS_TYPES_H 1
#define HAVE_SYS_STAT_H 1
#define HAVE_STDLIB_H 1
#define HAVE_STRING_H 1
#define HAVE_MEMORY_H 1
#define HAVE_STRINGS_H 1
#define HAVE_INTTYPES_H 1
#define HAVE_STDINT_H 1
#define HAVE_UNISTD_H 1
#define HAVE_DLFCN_H 1
#define LT_OBJDIR ".libs/"
#define HAVE_UNSIGNED_LONG_LONG_INT 1
#define HAVE_LONG_LONG_INT 1
#define HAVE_SYS_SOCKET_H 1
#define HAVE_ELF_H 1
#define HAVE_DIRENT_H 1
#define HAVE_FCNTL_H 1
#define HAVE_MALLOC_H 1
#define HAVE_NETDB_H 1
#define HAVE_POLL_H 1
#define HAVE_PTHREAD_H 1
#define HAVE_STRINGS_H 1
#define HAVE_SYS_IOCTL_H 1
#define HAVE_SYS_PARAM_H 1
#define HAVE_SYS_SELECT_H 1
#define HAVE_SYS_STAT_H 1
#define HAVE_SYS_SYSCTL_H 1
#define HAVE_SYS_TIME_H 1
#define HAVE_SYS_TYPES_H 1
#define HAVE_UNISTD_H 1
#define HAVE_ARPA_INET_H 1
#define HAVE_IFADDRS_H 1
#define HAVE_NETINET_IN_H 1
#define HAVE_NETINET_TCP_H 1
#define HAVE_NET_IF_H 1
#define HAVE__BOOL 1
#define HAVE_STDBOOL_H 1
#define TIME_WITH_SYS_TIME 1
#define HAVE_STRNDUP 1
#define HAVE_STRNLEN 1
#define HAVE_GETTIMEOFDAY 1
#define HAVE_USLEEP 1
#define HAVE_VASPRINTF 1
#define HAVE_REALPATH 1
#define IS_CYGWIN 0
#define IS_MINGW 0
#define IS_WIN32 0
#define IS_DARWIN 0
#define BUILD_PARPORT 0
#define BUILD_DUMMY 0
#define BUILD_EP93XX 0
#define BUILD_ZY1000 0
#define BUILD_ZY1000_MASTER 0
#define BUILD_AT91RM9200 0
#define BUILD_BCM2835GPIO 0
#define BUILD_IMX_GPIO 0
#define PARPORT_USE_PPDEV 1
#define PARPORT_USE_GIVEIO 0
#define BUILD_JTAG_VPI 0
#define BUILD_AMTJTAGACCEL 0
#define BUILD_GW16012 0
#define BUILD_OOCD_TRACE 0
#define BUILD_BUSPIRATE 0
#define BUILD_REMOTE_BITBANG 0
#define BUILD_SYSFSGPIO 0
#define BUILD_TARGET64 1
#define HAVE_LIBUSB1 1
#define HAVE_LIBUSB_ERROR_NAME 1
#define HAVE_LIBUSB_GET_PORT_NUMBERS 1
#define BUILD_FTDI 1
#define BUILD_HLADAPTER_STLINK 1
#define BUILD_HLADAPTER_ICDI 1
#define BUILD_ULINK 1
#define BUILD_USB_BLASTER_2 1
#define BUILD_FT232R 1
#define BUILD_VSLLINK 1
#define BUILD_XDS110 1
#define BUILD_OSBDM 1
#define BUILD_OPENDOUS 1
#define BUILD_AICE 1
#define BUILD_USBPROG 1
#define BUILD_RLINK 1
#define BUILD_ARMJTAGEW 1
#define BUILD_USB_BLASTER 1
#define BUILD_PRESTO 1
#define BUILD_OPENJTAG 1
#define BUILD_JLINK 1
#define BUILD_HLADAPTER 1
#define _GNU_SOURCE 1

configure: exit 0
